0 info it worked if it ends with ok
1 verbose cli [ '/usr/bin/nodejs', '/usr/local/bin/npm', 'build', 'dist' ]
2 info using npm@3.10.6
3 info using node@v4.2.6
4 info build /home/fred/devl/hello-vue/dist
5 verbose stack Error: ENOENT: no such file or directory, open '/home/fred/devl/hello-vue/dist/package.json'
5 verbose stack     at Error (native)
6 verbose cwd /home/fred/devl/hello-vue
7 error Linux 4.4.0-64-generic
8 error argv "/usr/bin/nodejs" "/usr/local/bin/npm" "build" "dist"
9 error node v4.2.6
10 error npm  v3.10.6
11 error path /home/fred/devl/hello-vue/dist/package.json
12 error code ENOENT
13 error errno -2
14 error syscall open
15 error enoent ENOENT: no such file or directory, open '/home/fred/devl/hello-vue/dist/package.json'
16 error enoent ENOENT: no such file or directory, open '/home/fred/devl/hello-vue/dist/package.json'
16 error enoent This is most likely not a problem with npm itself
16 error enoent and is related to npm not being able to find a file.
17 verbose exit [ -2, true ]
